<?xml version="1.0" encoding="UTF-8"?>
<testsuite name="Main" tests="1" skipped="0" failures="0" errors="0" timestamp="2021-10-31T16:57:45" hostname="DESKTOP-VF117IG" time="0.106">
  <properties/>
  <testcase name="Can sort right" classname="Main" time="0.106"/>
  <system-out><![CDATA[]]></system-out>
  <system-err><![CDATA[]]></system-err>
</testsuite>
