<?xml version="1.0" encoding="UTF-8"?>
<testsuite name="tree_intersection" tests="1" skipped="0" failures="0" errors="0" timestamp="2021-11-08T22:17:56" hostname="DESKTOP-VF117IG" time="0.027">
  <properties/>
  <testcase name="Checks for all the diplicate and return them in a list" classname="tree_intersection" time="0.027"/>
  <system-out><![CDATA[]]></system-out>
  <system-err><![CDATA[]]></system-err>
</testsuite>
