<?xml version="1.0" encoding="UTF-8"?>
<testsuite name="HashTableTest" tests="6" skipped="0" failures="0" errors="0" timestamp="2021-11-05T16:26:10" hostname="DESKTOP-VF117IG" time="0.045">
  <properties/>
  <testcase name="Adding a key/value to your hashtable results in the value being in the data structure" classname="HashTableTest" time="0.034"/>
  <testcase name="Retrieving based on a key returns the value stored" classname="HashTableTest" time="0.002"/>
  <testcase name="Successfully returns null for a key that does not exist in the hashtable" classname="HashTableTest" time="0.001"/>
  <testcase name="Successfully handle a collision within the hashtable" classname="HashTableTest" time="0.001"/>
  <testcase name="Successfully handle a collision within the hashtable" classname="HashTableTest" time="0.001"/>
  <testcase name="Successfully handle a collision within the hashtable" classname="HashTableTest" time="0.001"/>
  <system-out><![CDATA[]]></system-out>
  <system-err><![CDATA[]]></system-err>
</testsuite>
