<?xml version="1.0" encoding="UTF-8"?>
<testsuite name="hashmap_left_join" tests="1" skipped="0" failures="0" errors="0" timestamp="2021-11-09T17:24:41" hostname="DESKTOP-VF117IG" time="0.027">
  <properties/>
  <testcase name="Checks for the first dulpicated in a tring" classname="hashmap_left_join" time="0.027"/>
  <system-out><![CDATA[]]></system-out>
  <system-err><![CDATA[]]></system-err>
</testsuite>
