<?xml version="1.0" encoding="UTF-8"?>
<testsuite name="Graph_Depth_first" tests="1" skipped="0" failures="0" errors="0" timestamp="2021-11-19T22:16:00" hostname="DESKTOP-VF117IG" time="0.031">
  <properties/>
  <testcase name="Node can be successfully added to the graph" classname="Graph_Depth_first" time="0.031"/>
  <system-out><![CDATA[Arendelle
Pandora
Metroville
New Monstropolis
Naboo
Narnia
]]></system-out>
  <system-err><![CDATA[]]></system-err>
</testsuite>
